<?xml version="1.0" encoding="UTF-8"?>
<!DOCTYPE properties SYSTEM "http://java.sun.com/dtd/properties.dtd">
<properties version="1.0">
    <comment>Sample test run arguments</comment>
    <entry key="iut">https://services.interactive-instruments.de/t15/daraa</entry>
    <entry key="noofcollections">3</entry>
</properties>
